2021-04-29 12:05:22,696 INFO org.springframework.boot.StartupInfoLogger [main] Starting WebFluxApplication using Java 11.0.9 on DESKTOP-CGO0SHJ with PID 11156 (C:\Users\aaron\IdeaProjects\psp\AA2_psp\webFlux\target\classes started by aaron in C:\Users\aaron\IdeaProjects\psp\AA2_psp\webFlux)
2021-04-29 12:05:22,746 INFO org.springframework.boot.SpringApplication [main] No active profile set, falling back to default profiles: default
2021-04-29 12:05:25,344 INFO org.springframework.data.repository.config.RepositoryConfigurationDelegate [main] Bootstrapping Spring Data Reactive MongoDB repositories in DEFAULT mode.
2021-04-29 12:05:25,904 INFO org.springframework.data.repository.config.RepositoryConfigurationDelegate [main] Finished Spring Data repository scanning in 532 ms. Found 1 Reactive MongoDB repository interfaces.
2021-04-29 12:05:29,110 INFO org.springframework.boot.web.embedded.tomcat.TomcatWebServer [main] Tomcat initialized with port(s): 8080 (http)
2021-04-29 12:05:29,181 INFO org.apache.juli.logging.DirectJDKLog [main] Initializing ProtocolHandler ["http-nio-8080"]
2021-04-29 12:05:29,186 INFO org.apache.juli.logging.DirectJDKLog [main] Starting service [Tomcat]
2021-04-29 12:05:29,201 INFO org.apache.juli.logging.DirectJDKLog [main] Starting Servlet engine: [Apache Tomcat/9.0.43]
2021-04-29 12:05:29,904 INFO org.apache.juli.logging.DirectJDKLog [main] Initializing Spring embedded WebApplicationContext
2021-04-29 12:05:29,909 INFO org.springframework.boot.web.servlet.context.ServletWebServerApplicationContext [main] Root WebApplicationContext: initialization completed in 6965 ms
2021-04-29 12:05:31,474 INFO com.mongodb.diagnostics.logging.SLF4JLogger [main] Cluster created with settings {hosts=[localhost:27017], mode=SINGLE, requiredClusterType=UNKNOWN, serverSelectionTimeout='30000 ms'}
2021-04-29 12:05:34,297 INFO com.mongodb.diagnostics.logging.SLF4JLogger [cluster-ClusterId{value='608a84ebffe8233f4f7ff395', description='null'}-localhost:27017] Opened connection [connectionId{localValue:1, serverValue:2}] to localhost:27017
2021-04-29 12:05:34,298 INFO com.mongodb.diagnostics.logging.SLF4JLogger [cluster-rtt-ClusterId{value='608a84ebffe8233f4f7ff395', description='null'}-localhost:27017] Opened connection [connectionId{localValue:2, serverValue:1}] to localhost:27017
2021-04-29 12:05:34,326 INFO com.mongodb.diagnostics.logging.SLF4JLogger [cluster-ClusterId{value='608a84ebffe8233f4f7ff395', description='null'}-localhost:27017] Monitor thread successfully connected to server with description ServerDescription{address=localhost:27017, type=STANDALONE, state=CONNECTED, ok=true, minWireVersion=0, maxWireVersion=8, maxDocumentSize=16777216, logicalSessionTimeoutMinutes=30, roundTripTimeNanos=410193500}
2021-04-29 12:05:34,467 INFO org.springframework.scheduling.concurrent.ExecutorConfigurationSupport [main] Initializing ExecutorService 'applicationTaskExecutor'
2021-04-29 12:05:45,265 INFO org.apache.juli.logging.DirectJDKLog [main] Starting ProtocolHandler ["http-nio-8080"]
2021-04-29 12:05:46,020 INFO org.springframework.boot.web.embedded.tomcat.TomcatWebServer [main] Tomcat started on port(s): 8080 (http) with context path ''
2021-04-29 12:05:46,441 INFO org.springframework.boot.StartupInfoLogger [main] Started WebFluxApplication in 26.059 seconds (JVM running for 29.274)
2021-04-29 12:07:13,799 INFO org.apache.juli.logging.DirectJDKLog [http-nio-8080-exec-1] Initializing Spring DispatcherServlet 'dispatcherServlet'
2021-04-29 12:07:13,805 INFO org.springframework.web.servlet.FrameworkServlet [http-nio-8080-exec-1] Initializing Servlet 'dispatcherServlet'
2021-04-29 12:07:13,990 INFO org.springframework.web.servlet.FrameworkServlet [http-nio-8080-exec-1] Completed initialization in 181 ms
2021-04-29 12:07:14,069 INFO com.aaron.webFlux.controller.CountryController [http-nio-8080-exec-1] Listado de todos los paises
2021-04-29 12:07:14,480 INFO com.mongodb.diagnostics.logging.SLF4JLogger [nioEventLoopGroup-2-3] Opened connection [connectionId{localValue:3, serverValue:3}] to localhost:27017
2021-04-29 12:07:27,956 INFO com.aaron.webFlux.controller.CountryController [http-nio-8080-exec-3] Listado de todos los paises
2021-04-29 18:07:15,711 INFO org.springframework.boot.StartupInfoLogger [main] Starting WebFluxApplication using Java 11.0.9 on DESKTOP-CGO0SHJ with PID 13460 (C:\Users\aaron\IdeaProjects\psp\AA2_psp\webFlux\target\classes started by aaron in C:\Users\aaron\IdeaProjects\psp\AA2_psp\webFlux)
2021-04-29 18:07:15,740 INFO org.springframework.boot.SpringApplication [main] No active profile set, falling back to default profiles: default
2021-04-29 18:07:20,258 INFO org.springframework.data.repository.config.RepositoryConfigurationDelegate [main] Bootstrapping Spring Data Reactive MongoDB repositories in DEFAULT mode.
2021-04-29 18:07:20,439 INFO org.springframework.data.repository.config.RepositoryConfigurationDelegate [main] Finished Spring Data repository scanning in 166 ms. Found 1 Reactive MongoDB repository interfaces.
2021-04-29 18:07:22,455 INFO org.springframework.boot.web.embedded.tomcat.TomcatWebServer [main] Tomcat initialized with port(s): 8080 (http)
2021-04-29 18:07:22,489 INFO org.apache.juli.logging.DirectJDKLog [main] Initializing ProtocolHandler ["http-nio-8080"]
2021-04-29 18:07:22,492 INFO org.apache.juli.logging.DirectJDKLog [main] Starting service [Tomcat]
2021-04-29 18:07:22,493 INFO org.apache.juli.logging.DirectJDKLog [main] Starting Servlet engine: [Apache Tomcat/9.0.43]
2021-04-29 18:07:22,775 INFO org.apache.juli.logging.DirectJDKLog [main] Initializing Spring embedded WebApplicationContext
2021-04-29 18:07:22,776 INFO org.springframework.boot.web.servlet.context.ServletWebServerApplicationContext [main] Root WebApplicationContext: initialization completed in 6695 ms
2021-04-29 18:07:23,534 INFO com.mongodb.diagnostics.logging.SLF4JLogger [main] Cluster created with settings {hosts=[localhost:27017], mode=SINGLE, requiredClusterType=UNKNOWN, serverSelectionTimeout='30000 ms'}
2021-04-29 18:07:25,461 INFO com.mongodb.diagnostics.logging.SLF4JLogger [cluster-rtt-ClusterId{value='608ad9bb8410092cb7314959', description='null'}-localhost:27017] Opened connection [connectionId{localValue:1, serverValue:4}] to localhost:27017
2021-04-29 18:07:25,460 INFO com.mongodb.diagnostics.logging.SLF4JLogger [cluster-ClusterId{value='608ad9bb8410092cb7314959', description='null'}-localhost:27017] Opened connection [connectionId{localValue:2, serverValue:5}] to localhost:27017
2021-04-29 18:07:25,466 INFO com.mongodb.diagnostics.logging.SLF4JLogger [cluster-ClusterId{value='608ad9bb8410092cb7314959', description='null'}-localhost:27017] Monitor thread successfully connected to server with description ServerDescription{address=localhost:27017, type=STANDALONE, state=CONNECTED, ok=true, minWireVersion=0, maxWireVersion=8, maxDocumentSize=16777216, logicalSessionTimeoutMinutes=30, roundTripTimeNanos=282198700}
2021-04-29 18:07:26,002 INFO org.springframework.scheduling.concurrent.ExecutorConfigurationSupport [main] Initializing ExecutorService 'applicationTaskExecutor'
2021-04-29 18:07:27,394 INFO org.apache.juli.logging.DirectJDKLog [main] Starting ProtocolHandler ["http-nio-8080"]
2021-04-29 18:07:27,574 INFO org.springframework.boot.web.embedded.tomcat.TomcatWebServer [main] Tomcat started on port(s): 8080 (http) with context path ''
2021-04-29 18:07:27,611 INFO org.springframework.boot.StartupInfoLogger [main] Started WebFluxApplication in 13.518 seconds (JVM running for 14.587)
2021-04-29 18:12:38,802 INFO org.apache.juli.logging.DirectJDKLog [http-nio-8080-exec-1] Initializing Spring DispatcherServlet 'dispatcherServlet'
2021-04-29 18:12:38,807 INFO org.springframework.web.servlet.FrameworkServlet [http-nio-8080-exec-1] Initializing Servlet 'dispatcherServlet'
2021-04-29 18:12:38,824 INFO org.springframework.web.servlet.FrameworkServlet [http-nio-8080-exec-1] Completed initialization in 7 ms
2021-04-29 18:12:39,670 INFO com.aaron.webFlux.controller.CountryController [http-nio-8080-exec-1] Listado de todos los paises
2021-04-29 18:12:41,426 INFO com.mongodb.diagnostics.logging.SLF4JLogger [nioEventLoopGroup-2-3] Opened connection [connectionId{localValue:3, serverValue:6}] to localhost:27017
